#
# There is insufficient memory for the Java Runtime Environment to continue.
# Native memory allocation (malloc) failed to allocate 1048576 bytes for AllocateHeap
# Possible reasons:
#   The system is out of physical RAM or swap space
#   The process is running with CompressedOops enabled, and the Java Heap may be blocking the growth of the native heap
# Possible solutions:
#   Reduce memory load on the system
#   Increase physical memory or swap space
#   Check if swap backing store is full
#   Decrease Java heap size (-Xmx/-Xms)
#   Decrease number of Java threads
#   Decrease Java thread stack sizes (-Xss)
#   Set larger code cache with -XX:ReservedCodeCacheSize=
#   JVM is running with Unscaled Compressed Oops mode in which the Java heap is
#     placed in the first 4GB address space. The Java Heap base address is the
#     maximum limit for the native heap growth. Please use -XX:HeapBaseMinAddress
#     to set the Java Heap base and to place the Java Heap above 4GB virtual address.
# This output file may be truncated or incomplete.
#
#  Out of Memory Error (memory/allocation.inline.hpp:61), pid=364, tid=0x0000000000001ca0
#
# JRE version:  (8.0_211-b12) (build )
# Java VM: Java HotSpot(TM) 64-Bit Server VM (25.211-b12 mixed mode windows-amd64 compressed oops)
# Failed to write core dump. Minidumps are not enabled by default on client versions of Windows
#

---------------  T H R E A D  ---------------

Current thread (0x0000000002674000):  JavaThread "Unknown thread" [_thread_in_vm, id=7328, stack(0x0000000002530000,0x0000000002630000)]

Stack: [0x0000000002530000,0x0000000002630000]
[error occurred during error reporting (printing stack bounds), id 0xc0000005]

Native frames: (J=compiled Java code, j=interpreted, Vv=VM code, C=native code)


---------------  P R O C E S S  ---------------

Java Threads: ( => current thread )

Other Threads:

=>0x0000000002674000 (exited) JavaThread "Unknown thread" [_thread_in_vm, id=7328, stack(0x0000000002530000,0x0000000002630000)]

VM state:not at safepoint (normal execution)

VM Mutex/Monitor currently owned by a thread: None

heap address: 0x00000000c1600000, size: 1002 MB, Compressed Oops mode: 32-bit
Narrow klass base: 0x0000000000000000, Narrow klass shift: 3
Compressed class space size: 1073741824 Address: 0x0000000100000000

Heap:
 PSYoungGen      total 18944K, used 327K [0x00000000eb200000, 0x00000000ec700000, 0x0000000100000000)
  eden space 16384K, 2% used [0x00000000eb200000,0x00000000eb251ec8,0x00000000ec200000)
  from space 2560K, 0% used [0x00000000ec480000,0x00000000ec480000,0x00000000ec700000)
  to   space 2560K, 0% used [0x00000000ec200000,0x00000000ec200000,0x00000000ec480000)
 ParOldGen       total 44032K, used 0K [0x00000000c1600000, 0x00000000c4100000, 0x00000000eb200000)
  object space 44032K, 0% used [0x00000000c1600000,0x00000000c1600000,0x00000000c4100000)
 Metaspace       used 775K, capacity 4480K, committed 4480K, reserved 1056768K
  class space    used 76K, capacity 384K, committed 384K, reserved 1048576K

Card table byte_map: [0x0000000011b30000,0x0000000011d30000] byte_map_base: 0x0000000011525000

Marking Bits: (ParMarkBitMap*) 0x0000000057475ce0
 Begin Bits: [0x0000000012280000, 0x0000000013228000)
 End Bits:   [0x0000000013228000, 0x00000000141d0000)

Polling page: 0x00000000003f0000

CodeCache: size=245760Kb used=328Kb max_used=328Kb free=245431Kb
 bounds [0x0000000002770000, 0x00000000029e0000, 0x0000000011770000]
 total_blobs=58 nmethods=0 adapters=38
 compilation: enabled

Compilation events (0 events):
No events

GC Heap History (0 events):
No events

Deoptimization events (0 events):
No events

Classes redefined (0 events):
No events

Internal exceptions (0 events):
No events

Events (10 events):
Event: 0.018 loading class java/lang/Short
Event: 0.018 loading class java/lang/Short done
Event: 0.018 loading class java/lang/Integer
Event: 0.018 loading class java/lang/Integer done
Event: 0.018 loading class java/lang/Long
Event: 0.018 loading class java/lang/Long done
Event: 0.019 loading class java/lang/NullPointerException
Event: 0.019 loading class java/lang/NullPointerException done
Event: 0.019 loading class java/lang/ArithmeticException
Event: 0.019 loading class java/lang/ArithmeticException done


Dynamic libraries:
0x00007ff663860000 - 0x00007ff663897000 	D:\work\setup_portable\jdk1.8.0_211\bin\javaw.exe
0x00007fff03ee0000 - 0x00007fff040cd000 	C:\WINDOWS\SYSTEM32\ntdll.dll
0x00007fff037c0000 - 0x00007fff03873000 	C:\WINDOWS\System32\KERNEL32.DLL
0x00007fff00be0000 - 0x00007fff00e73000 	C:\WINDOWS\System32\KERNELBASE.dll
0x00007fff012a0000 - 0x00007fff01343000 	C:\WINDOWS\System32\ADVAPI32.dll
0x00007fff013c0000 - 0x00007fff0145e000 	C:\WINDOWS\System32\msvcrt.dll
0x00007fff03db0000 - 0x00007fff03e4e000 	C:\WINDOWS\System32\sechost.dll
0x00007fff01800000 - 0x00007fff01922000 	C:\WINDOWS\System32\RPCRT4.dll
0x00007fff01100000 - 0x00007fff01297000 	C:\WINDOWS\System32\USER32.dll
0x00007fff00e80000 - 0x00007fff00ea0000 	C:\WINDOWS\System32\win32u.dll
0x00007fff01530000 - 0x00007fff01559000 	C:\WINDOWS\System32\GDI32.dll
0x00007fff001f0000 - 0x00007fff00389000 	C:\WINDOWS\System32\gdi32full.dll
0x00007fff003f0000 - 0x00007fff00490000 	C:\WINDOWS\System32\msvcp_win.dll
0x00007fff000f0000 - 0x00007fff001ea000 	C:\WINDOWS\System32\ucrtbase.dll
0x00007ffeea390000 - 0x00007ffeea609000 	C:\WINDOWS\WinSxS\amd64_microsoft.windows.common-controls_6595b64144ccf1df_6.0.17763.914_none_05b346b2072102f2\COMCTL32.dll
0x00007fff03140000 - 0x00007fff0346c000 	C:\WINDOWS\System32\combase.dll
0x00007ffefffa0000 - 0x00007fff0001e000 	C:\WINDOWS\System32\bcryptPrimitives.dll
0x00007fff03880000 - 0x00007fff038ae000 	C:\WINDOWS\System32\IMM32.DLL
0x00000000568b0000 - 0x0000000056982000 	D:\work\setup_portable\jdk1.8.0_211\jre\bin\msvcr100.dll
0x0000000056c50000 - 0x00000000574f5000 	D:\work\setup_portable\jdk1.8.0_211\jre\bin\server\jvm.dll
0x00007fff01460000 - 0x00007fff01468000 	C:\WINDOWS\System32\PSAPI.DLL
0x00007ffeea8e0000 - 0x00007ffeea8e9000 	C:\WINDOWS\SYSTEM32\WSOCK32.dll
0x00007ffefdf50000 - 0x00007ffefdf74000 	C:\WINDOWS\SYSTEM32\WINMM.dll
0x00007fff035a0000 - 0x00007fff0360d000 	C:\WINDOWS\System32\WS2_32.dll
0x00007ffeee480000 - 0x00007ffeee48a000 	C:\WINDOWS\SYSTEM32\VERSION.dll
0x00007ffefdbf0000 - 0x00007ffefdc1d000 	C:\WINDOWS\SYSTEM32\WINMMBASE.dll
0x00007fff00ed0000 - 0x00007fff00f1a000 	C:\WINDOWS\System32\cfgmgr32.dll
0x00007ffedb9d0000 - 0x00007ffedb9df000 	D:\work\setup_portable\jdk1.8.0_211\jre\bin\verify.dll
0x00007ffecce60000 - 0x00007ffecce89000 	D:\work\setup_portable\jdk1.8.0_211\jre\bin\java.dll
0x00007ffecce40000 - 0x00007ffecce56000 	D:\work\setup_portable\jdk1.8.0_211\jre\bin\zip.dll

VM Arguments:
jvm_args: -Dfile.encoding=Cp1252 
java_command: com.helper.CallServer
java_class_path (initial): D:\work\project\ResumeClassification\ResumeClassificationWeb\build\classes;D:\work\project\ResumeClassification\ResumeClassificationWeb\WebContent\WEB-INF\lib\activation.jar;D:\work\project\ResumeClassification\ResumeClassificationWeb\WebContent\WEB-INF\lib\com.lowagie.text-2.1.7.jar;D:\work\project\ResumeClassification\ResumeClassificationWeb\WebContent\WEB-INF\lib\com.springsource.org.bouncycastle.jce-1.46.0.jar;D:\work\project\ResumeClassification\ResumeClassificationWeb\WebContent\WEB-INF\lib\commons-beanutils-1.7.0.jar;D:\work\project\ResumeClassification\ResumeClassificationWeb\WebContent\WEB-INF\lib\commons-collections-3.1.jar;D:\work\project\ResumeClassification\ResumeClassificationWeb\WebContent\WEB-INF\lib\commons-dbcp-1.4.jar;D:\work\project\ResumeClassification\ResumeClassificationWeb\WebContent\WEB-INF\lib\commons-dbutils-1.4.jar;D:\work\project\ResumeClassification\ResumeClassificationWeb\WebContent\WEB-INF\lib\commons-fileupload-1.2.1.jar;D:\work\project\ResumeClassification\ResumeClassificationWeb\WebContent\WEB-INF\lib\commons-io-1.3.2.jar;D:\work\project\ResumeClassification\ResumeClassificationWeb\WebContent\WEB-INF\lib\commons-lang3-3.1.jar;D:\work\project\ResumeClassification\ResumeClassificationWeb\WebContent\WEB-INF\lib\commons-logging-1.1.1.jar;D:\work\project\ResumeClassification\ResumeClassificationWeb\WebContent\WEB-INF\lib\commons-net-3.3.jar;D:\work\project\ResumeClassification\ResumeClassificationWeb\WebContent\WEB-INF\lib\jcommon-1.0.21.jar;D:\work\project\ResumeClassification\ResumeClassificationWeb\WebContent\WEB-INF\lib\jempbox-1.2.1.jar;D:\work\project\ResumeClassification\ResumeClassificationWeb\WebContent\WEB-INF\lib\jfreechart-1.0.14.jar;D:\work\project\ResumeClassification\ResumeClassificationWeb\WebContent\WEB-INF\lib\junit-4.12.jar;D:\work\project\ResumeClassification\ResumeClassificationWeb\WebContent\WEB-INF\lib\jython-installer-2.7.1.jar;D:\work\project\ResumeClassification\ResumeClassification
Launcher Type: SUN_STANDARD

Environment Variables:
JAVA_HOME=D:\work\setup_portable\jdk1.8.0_211
USERNAME=technowings
OS=Windows_NT
PROCESSOR_IDENTIFIER=Intel64 Family 6 Model 142 Stepping 10, GenuineIntel



---------------  S Y S T E M  ---------------

OS: Windows 10.0 , 64 bit Build 17763 (10.0.17763.475)

CPU:total 4 (initial active 4) (2 cores per cpu, 2 threads per core) family 6 model 142 stepping 10, cmov, cx8, fxsr, mmx, sse, sse2, sse3, ssse3, sse4.1, sse4.2, popcnt, avx, avx2, aes, clmul, erms, 3dnowpref, lzcnt, ht, tsc, tscinvbit, bmi1, bmi2, adx

Memory: 4k page, physical 4101348k(279872k free), swap 6198500k(5292k free)

vm_info: Java HotSpot(TM) 64-Bit Server VM (25.211-b12) for windows-amd64 JRE (1.8.0_211-b12), built on Apr  1 2019 20:53:26 by "java_re" with MS VC++ 10.0 (VS2010)

time: Sat Dec 21 17:39:38 2019
timezone: India Standard Time
elapsed time: 0 seconds (0d 0h 0m 0s)

